c:\users\arun\source\repos\quadrupel\joystick\debug\joystick.pch
c:\users\arun\source\repos\quadrupel\joystick\debug\vc141.pdb
c:\users\arun\source\repos\quadrupel\joystick\debug\vc141.idb
c:\users\arun\source\repos\quadrupel\joystick\debug\stdafx.obj
c:\users\arun\source\repos\quadrupel\joystick\debug\joystick.obj
c:\users\arun\source\repos\quadrupel\joystick\debug\dllmain.obj
f:\eslab\softwarepackage\in4073\quadrupelgui\joystick\debug\joystick.pch
f:\eslab\softwarepackage\in4073\quadrupelgui\joystick\debug\vc141.pdb
f:\eslab\softwarepackage\in4073\quadrupelgui\joystick\debug\vc141.idb
f:\eslab\softwarepackage\in4073\quadrupelgui\joystick\debug\stdafx.obj
f:\eslab\softwarepackage\in4073\quadrupelgui\joystick\debug\joystick.obj
f:\eslab\softwarepackage\in4073\quadrupelgui\joystick\debug\dllmain.obj
c:\users\arun\source\repos\quadrupel\quadrupel\bin\debug\joystick.lib
c:\users\arun\source\repos\quadrupel\quadrupel\bin\debug\joystick.exp
f:\eslab\softwarepackage\in4073\quadrupelgui\quadrupel\bin\debug\joystick.lib
f:\eslab\softwarepackage\in4073\quadrupelgui\quadrupel\bin\debug\joystick.exp
c:\users\arun\source\repos\quadrupel\quadrupel\bin\debug\joystick.ilk
c:\users\arun\source\repos\quadrupel\quadrupel\bin\debug\joystick.dll
c:\users\arun\source\repos\quadrupel\quadrupel\bin\debug\joystick.pdb
f:\eslab\softwarepackage\in4073\quadrupelgui\quadrupel\bin\debug\joystick.dll
f:\eslab\softwarepackage\in4073\quadrupelgui\quadrupel\bin\debug\joystick.ilk
f:\eslab\softwarepackage\in4073\quadrupelgui\quadrupel\bin\debug\joystick.pdb
c:\users\arun\source\repos\quadrupel\joystick\debug\joystick.res
f:\eslab\softwarepackage\in4073\quadrupelgui\joystick\debug\joystick.res
f:\eslab\softwarepackage\in4073\quadrupelgui\joystick\..\quadrupel\bin\debug\joystick.dll
f:\eslab\softwarepackage\in4073\quadrupelgui\joystick\debug\joystick.tlog\cl.command.1.tlog
f:\eslab\softwarepackage\in4073\quadrupelgui\joystick\debug\joystick.tlog\cl.read.1.tlog
f:\eslab\softwarepackage\in4073\quadrupelgui\joystick\debug\joystick.tlog\cl.write.1.tlog
f:\eslab\softwarepackage\in4073\quadrupelgui\joystick\debug\joystick.tlog\joystick.write.1u.tlog
f:\eslab\softwarepackage\in4073\quadrupelgui\joystick\debug\joystick.tlog\link.command.1.tlog
f:\eslab\softwarepackage\in4073\quadrupelgui\joystick\debug\joystick.tlog\link.read.1.tlog
f:\eslab\softwarepackage\in4073\quadrupelgui\joystick\debug\joystick.tlog\link.write.1.tlog
f:\eslab\softwarepackage\in4073\quadrupelgui\joystick\debug\joystick.tlog\rc.command.1.tlog
f:\eslab\softwarepackage\in4073\quadrupelgui\joystick\debug\joystick.tlog\rc.read.1.tlog
f:\eslab\softwarepackage\in4073\quadrupelgui\joystick\debug\joystick.tlog\rc.write.1.tlog
